\BOOKMARK [1][-]{section*.2}{Abstract}{}% 1
\BOOKMARK [1][-]{section.1}{1 Introduction}{}% 2
\BOOKMARK [1][-]{section.2}{2 Motivation}{}% 3
\BOOKMARK [2][-]{subsection.2.1}{2.1 Performance Potential}{section.2}% 4
\BOOKMARK [2][-]{subsection.2.2}{2.2 Append-mostly Filesystems}{section.2}% 5
\BOOKMARK [2][-]{subsection.2.3}{2.3 Threat Model}{section.2}% 6
\BOOKMARK [1][-]{section.3}{3 StrongBox System Design}{}% 7
\BOOKMARK [2][-]{subsection.3.1}{3.1 Backing Store Function and Layout}{section.3}% 8
\BOOKMARK [2][-]{subsection.3.2}{3.2 Metadata-aware Cryptographic Driver}{section.3}% 9
\BOOKMARK [2][-]{subsection.3.3}{3.3 Defending Against Rollback Attacks}{section.3}% 10
\BOOKMARK [2][-]{subsection.3.4}{3.4 Recovering from Inconsistent State}{section.3}% 11
\BOOKMARK [1][-]{section.4}{4 StrongBox Implementation}{}% 12
\BOOKMARK [2][-]{subsection.4.1}{4.1 Deriving Subkeys}{section.4}% 13
\BOOKMARK [2][-]{subsection.4.2}{4.2 A Secure, Persistent, Monotonic Counter}{section.4}% 14
\BOOKMARK [2][-]{subsection.4.3}{4.3 LFS Garbage Collection}{section.4}% 15
\BOOKMARK [2][-]{subsection.4.4}{4.4 Overhead}{section.4}% 16
\BOOKMARK [1][-]{section.5}{5 Evaluation}{}% 17
\BOOKMARK [2][-]{subsection.5.1}{5.1 Experimental Setup}{section.5}% 18
\BOOKMARK [2][-]{subsection.5.2}{5.2 Experimental Methodology}{section.5}% 19
\BOOKMARK [2][-]{subsection.5.3}{5.3 StrongBox Read Performance}{section.5}% 20
\BOOKMARK [2][-]{subsection.5.4}{5.4 StrongBox Write Performance}{section.5}% 21
\BOOKMARK [2][-]{subsection.5.5}{5.5 On Replacing dm-crypt and Ext4}{section.5}% 22
\BOOKMARK [2][-]{subsection.5.6}{5.6 Performance in StrongBox: ChaCha20 vs AES}{section.5}% 23
\BOOKMARK [2][-]{subsection.5.7}{5.7 Threat Analysis}{section.5}% 24
\BOOKMARK [1][-]{section.6}{6 Related Work}{}% 25
\BOOKMARK [1][-]{section.7}{7 Conclusion}{}% 26
